<?xml version="1.0" encoding="UTF-8"?>
<testng-results skipped="0" failed="0" total="1" passed="1">
  <reporter-output>
  </reporter-output>
  <suite name="Suite" duration-ms="26874" started-at="2019-08-29T08:01:52Z" finished-at="2019-08-29T08:02:19Z">
    <groups>
    </groups>
    <test name="Test" duration-ms="26874" started-at="2019-08-29T08:01:52Z" finished-at="2019-08-29T08:02:19Z">
      <class name="MobileAutomation.AndroidAutomation">
        <test-method status="PASS" signature="beforeTest()[pri:0, instance:MobileAutomation.AndroidAutomation@1936f0f5]" name="beforeTest" is-config="true" duration-ms="18" started-at="2019-08-29T13:31:52Z" finished-at="2019-08-29T13:31:52Z">
          <reporter-output>
          </reporter-output>
        </test-method> <!-- beforeTest -->
        <test-method status="PASS" signature="testEasy()[pri:0, instance:MobileAutomation.AndroidAutomation@1936f0f5]" name="testEasy" duration-ms="22046" started-at="2019-08-29T13:31:52Z" finished-at="2019-08-29T13:32:14Z">
          <reporter-output>
          </reporter-output>
        </test-method> <!-- testEasy -->
        <test-method status="PASS" signature="afterTest()[pri:0, instance:MobileAutomation.AndroidAutomation@1936f0f5]" name="afterTest" is-config="true" duration-ms="4796" started-at="2019-08-29T13:32:14Z" finished-at="2019-08-29T13:32:19Z">
          <reporter-output>
          </reporter-output>
        </test-method> <!-- afterTest -->
      </class> <!-- MobileAutomation.AndroidAutomation -->
    </test> <!-- Test -->
  </suite> <!-- Suite -->
</testng-results>
